<?xml version="1.0" encoding="UTF-8"?>
<testsuite name="TestRunner.User.AddUserCostTestRunner" tests="3" skipped="0" failures="0" errors="0" timestamp="2024-10-27T20:31:17" hostname="DESKTOP-IB7ED16" time="8.793">
  <properties/>
  <testcase name="addCost" classname="TestRunner.User.AddUserCostTestRunner" time="7.903"/>
  <testcase name="incorrectSearchItem" classname="TestRunner.User.AddUserCostTestRunner" time="0.247"/>
  <testcase name="SearchItem" classname="TestRunner.User.AddUserCostTestRunner" time="0.59"/>
  <system-out><![CDATA[]]></system-out>
  <system-err><![CDATA[]]></system-err>
</testsuite>
